Arguments: 
  /home/bildad/.nvm/versions/node/v18.8.0/bin/node /home/bildad/.cache/node/corepack/yarn/1.22.19/bin/yarn.js add hardhart

PATH: 
  /home/bildad/.nvm/versions/node/v18.8.0/bin:/home/bildad/.vscode-server/bin/6c3e3dba23e8fadc360aed75ce363ba185c49794/bin/remote-cli:/usr/local/sbin:/usr/local/bin:/usr/sbin:/usr/bin:/sbin:/bin:/usr/games:/usr/local/games:/usr/lib/wsl/lib:/mnt/c/WINDOWS/system32:/mnt/c/WINDOWS:/mnt/c/WINDOWS/System32/Wbem:/mnt/c/WINDOWS/System32/WindowsPowerShell/v1.0/:/mnt/c/WINDOWS/System32/OpenSSH/:/mnt/c/Program Files/Cloudflare/Cloudflare WARP/:/mnt/c/Program Files/nodejs/:/mnt/c/Program Files/Git/cmd:/mnt/c/Program Files/PuTTY/:/mnt/c/Users/Bildad/dev/sdks/flutter/bin:/mnt/c/Users/Bildad/AppData/Local/Programs/Microsoft VS Code/bin

Yarn version: 
  1.22.19

Node version: 
  18.8.0

Platform: 
  linux x64

Trace: 
  Error: https://registry.yarnpkg.com/hardhart: Not found
      at params.callback [as _callback] (/home/bildad/.cache/node/corepack/yarn/1.22.19/lib/cli.js:66145:18)
      at self.callback (/home/bildad/.cache/node/corepack/yarn/1.22.19/lib/cli.js:140890:22)
      at Request.emit (node:events:513:28)
      at Request.<anonymous> (/home/bildad/.cache/node/corepack/yarn/1.22.19/lib/cli.js:141862:10)
      at Request.emit (node:events:513:28)
      at IncomingMessage.<anonymous> (/home/bildad/.cache/node/corepack/yarn/1.22.19/lib/cli.js:141784:12)
      at Object.onceWrapper (node:events:627:28)
      at IncomingMessage.emit (node:events:525:35)
      at endReadableNT (node:internal/streams/readable:1359:12)
      at process.processTicksAndRejections (node:internal/process/task_queues:82:21)

npm manifest: 
  No manifest

yarn manifest: 
  No manifest

Lockfile: 
  # THIS IS AN AUTOGENERATED FILE. DO NOT EDIT THIS FILE DIRECTLY.
  # yarn lockfile v1
